[2016-03-27 08:20:21] 1 caused by /home/simsu/Other/projects/Web/Lobby/local/contents/apps/downloader/src/ajax/init.php on line 34 : Class 'Process' not found
[2016-03-27 08:20:38] 1 caused by /home/simsu/Other/projects/Web/Lobby/local/contents/apps/downloader/src/ajax/init.php on line 34 : Class 'Process' not found
[2016-03-27 08:26:53] 1 caused by /home/simsu/Other/projects/Web/Lobby/local/includes/src/composer/vendor/symfony/process/Process.php on line 1173 : Uncaught exception 'Symfony\Component\Process\Exception\ProcessTimedOutException' with message 'The process ""/usr/bin/php" "/home/simsu/Other/projects/Web/Lobby/local/contents/apps/downloader/src/ajax/background-download.php" "http://lobby.sim/app/downloader/receive-status" "{\"26267d219526a3e113a19358bac08c12\":{\"downloaded\":627874,\"downloadDir\":\"\/home\/simsu\/Downloads\",\"error\":\"0\",\"eta\":0,\"fileName\":\"peace.zip\",\"percentage\":\"0\",\"paused\":0,\"resumable\":\"1\",\"size\":627874,\"speed\":90100,\"url\":\"http:\/\/www.colorado.edu\/conflict\/peace\/download\/peace.zip\",\"startTime\":1458676948.3204,\"prevTime\":1458677147.07}}" > "/home/simsu/Other/projects/Web/Lobby/local/contents/apps/downloader/src/ajax/shell-out.txt"" exceeded the timeout of 60 seconds.' in /home/simsu/Other/projects/Web/Lobby/local/includes/src/composer/vendor/symfony/process/Process.php:1173
Stack trace:
#0 /home/simsu/Other/projects/Web/Lobby/local/includes/src/composer/vendor/symfony/process/Process.php(361): Sym
[2016-03-27 08:32:09] 1 caused by /home/simsu/Other/projects/Web/Lobby/local/includes/src/composer/vendor/symfony/process/Process.php on line 1173 : Uncaught exception 'Symfony\Component\Process\Exception\ProcessTimedOutException' with message 'The process ""/usr/bin/php" "/home/simsu/Other/projects/Web/Lobby/local/contents/apps/downloader/src/ajax/background-download.php" "http://lobby.sim/app/downloader/receive-status" "{\"26267d219526a3e113a19358bac08c12\":{\"downloaded\":627874,\"downloadDir\":\"\/home\/simsu\/Downloads\",\"error\":\"0\",\"eta\":6,\"fileName\":\"peace.zip\",\"percentage\":\"0\",\"paused\":0,\"resumable\":\"1\",\"size\":627874,\"speed\":1398,\"url\":\"http:\/\/www.colorado.edu\/conflict\/peace\/download\/peace.zip\",\"startTime\":1458676948.3204,\"prevTime\":1458677147.07}}" > "/home/simsu/Other/projects/Web/Lobby/local/contents/apps/downloader/src/ajax/shell-out.txt" &" exceeded the timeout of 60 seconds.' in /home/simsu/Other/projects/Web/Lobby/local/includes/src/composer/vendor/symfony/process/Process.php:1173
Stack trace:
#0 /home/simsu/Other/projects/Web/Lobby/local/includes/src/composer/vendor/symfony/process/Process.php(361): Sy
[2016-03-27 08:50:40] 1 caused by /home/simsu/Other/projects/Web/Lobby/local/contents/apps/downloader/src/ajax/init.php on line 28 : Class 'Process' not found
[2016-03-27 08:51:01] 1 caused by /home/simsu/Other/projects/Web/Lobby/local/contents/apps/downloader/src/ajax/init.php on line 28 : Class 'Process' not found
[2016-03-27 08:51:28] 1 caused by /home/simsu/Other/projects/Web/Lobby/local/contents/apps/downloader/src/ajax/init.php on line 28 : Class 'Process' not found
[2016-03-27 08:53:20] 1 caused by /home/simsu/Other/projects/Web/Lobby/local/contents/apps/downloader/src/ajax/init.php on line 28 : Class 'Process' not found
[2016-03-27 08:53:41] 1 caused by /home/simsu/Other/projects/Web/Lobby/local/contents/apps/downloader/src/ajax/init.php on line 28 : Class 'Process' not found
[2016-03-27 08:59:17] 1 caused by /home/simsu/Other/projects/Web/Lobby/local/includes/src/composer/vendor/symfony/process/Process.php on line 1173 : Uncaught exception 'Symfony\Component\Process\Exception\ProcessTimedOutException' with message 'The process ""/usr/bin/php" "/home/simsu/Other/projects/Web/Lobby/local/contents/apps/downloader/src/ajax/background-download.php" "http://lobby.sim/app/downloader/receive-status" "{\"26267d219526a3e113a19358bac08c12\":{\"downloaded\":627874,\"downloadDir\":\"\/home\/simsu\/Downloads\",\"error\":\"0\",\"eta\":2,\"fileName\":\"peace.zip\",\"percentage\":\"0\",\"paused\":0,\"resumable\":\"1\",\"size\":627874,\"speed\":91725,\"url\":\"http:\/\/www.colorado.edu\/conflict\/peace\/download\/peace.zip\",\"startTime\":1458676948.3204,\"prevTime\":1458677147.07}}" > "/home/simsu/Other/projects/Web/Lobby/local/contents/apps/downloader/src/ajax/shell-out.txt" &" exceeded the timeout of 60 seconds.' in /home/simsu/Other/projects/Web/Lobby/local/includes/src/composer/vendor/symfony/process/Process.php:1173
Stack trace:
#0 /home/simsu/Other/projects/Web/Lobby/local/includes/src/composer/vendor/symfony/process/Process.php(361): S
[2016-03-28 08:30:43] 1 caused by /home/simsu/Other/projects/Web/Lobby/local/includes/src/composer/vendor/symfony/process/Process.php on line 1173 : Uncaught exception 'Symfony\Component\Process\Exception\ProcessTimedOutException' with message 'The process ""/usr/bin/php" "/home/simsu/Other/projects/Web/Lobby/local/contents/apps/downloader/src/ajax/background-download.php" "http://lobby.sim/app/downloader/receive-status" "{\"3c15ee6083eee96beaf83bdbf053aada\":{\"downloaded\":423772852,\"downloadDir\":\"\/home\/simsu\/Downloads\",\"error\":\"0\",\"eta\":2,\"fileName\":\"supertuxkart-0.9.1-linux.tar.xz\",\"percentage\":\"0\",\"paused\":0,\"resumable\":\"1\",\"size\":423772852,\"speed\":65412,\"url\":\"http:\/\/liquidtelecom.dl.sourceforge.net\/project\/supertuxkart\/SuperTuxKart\/0.9.1\/supertuxkart-0.9.1-linux.tar.xz\",\"startTime\":1458820555.4302,\"prevTime\":1458820667.0278}}" > "/home/simsu/Other/projects/Web/Lobby/local/contents/apps/downloader/src/ajax/shell-out.txt" &" exceeded the timeout of 60 seconds.' in /home/simsu/Other/projects/Web/Lobby/local/includes/src/composer/vendor/symfony/process/Process.php:1173
Stack trace:
#0 /home/simsu/Other/proj
[2016-03-28 09:16:47] 1 caused by /home/simsu/Other/projects/Web/Lobby/local/contents/apps/downloader/src/ajax/init.php on line 37 : Call to undefined method Symfony\Component\Process\ProcessBuilder::start()
[2016-03-28 09:39:25] 4 caused by /home/simsu/Other/projects/Web/Lobby/local/contents/apps/downloader/src/ajax/init.php on line 38 : syntax error, unexpected '(', expecting '{'
