[2015-12-23 13:57:59] Copying javascripts/main.js to Ouput Directory
[2015-12-23 13:57:59] Copying images/highlight-bg.jpg to Ouput Directory
[2015-12-23 13:57:59] Copying images/body-bg.jpg to Ouput Directory
[2015-12-23 13:57:59] Copying images/download-button.png to Ouput Directory
[2015-12-23 13:57:59] Copying images/sidebar-bg.jpg to Ouput Directory
[2015-12-23 13:57:59] Copying images/header-bg.jpg to Ouput Directory
[2015-12-23 13:57:59] Copying images/github-button.png to Ouput Directory
[2015-12-23 13:57:59] Copying stylesheets/pygment_trac.css to Ouput Directory
[2015-12-23 13:57:59] Copying stylesheets/print.css to Ouput Directory
[2015-12-23 13:57:59] Copying stylesheets/stylesheet.css to Ouput Directory
[2015-12-23 13:58:26] Copying javascripts/main.js to Ouput Directory
[2015-12-23 13:58:26] Copying images/highlight-bg.jpg to Ouput Directory
[2015-12-23 13:58:26] Copying images/body-bg.jpg to Ouput Directory
[2015-12-23 13:58:26] Copying images/download-button.png to Ouput Directory
[2015-12-23 13:58:26] Copying images/sidebar-bg.jpg to Ouput Directory
[2015-12-23 13:58:26] Copying images/header-bg.jpg to Ouput Directory
[2015-12-23 13:58:26] Copying images/github-button.png to Ouput Directory
[2015-12-23 13:58:26] Copying stylesheets/pygment_trac.css to Ouput Directory
[2015-12-23 13:58:26] Copying stylesheets/print.css to Ouput Directory
[2015-12-23 13:58:26] Copying stylesheets/stylesheet.css to Ouput Directory
